2026-02-28T15:24:40.099+05:30  INFO 4328 --- [SpringBootRestAPIMyJPA] [restartedMain] .t.SpringBootRestApiMySqljpa2Application : Starting SpringBootRestApiMySqljpa2Application using Java 25.0.1 with PID 4328 (C:\Users\nethra.k1\Desktop\mla_JAVA\SpringBootRestAPIMySQLJPA2\target\classes started by nethra.k1 in C:\Users\nethra.k1\Desktop\mla_JAVA\SpringBootRestAPIMySQLJPA2)
2026-02-28T15:24:40.101+05:30  INFO 4328 --- [SpringBootRestAPIMyJPA] [restartedMain] .t.SpringBootRestApiMySqljpa2Application : No active profile set, falling back to 1 default profile: "default"
2026-02-28T15:24:40.138+05:30  INFO 4328 --- [SpringBootRestAPIMyJPA] [restartedMain] .e.DevToolsPropertyDefaultsPostProcessor : Devtools property defaults active! Set 'spring.devtools.add-properties' to 'false' to disable
2026-02-28T15:24:40.139+05:30  INFO 4328 --- [SpringBootRestAPIMyJPA] [restartedMain] .e.DevToolsPropertyDefaultsPostProcessor : For additional web related logging consider setting the 'logging.level.web' property to 'DEBUG'
2026-02-28T15:24:41.164+05:30  INFO 4328 --- [SpringBootRestAPIMyJPA] [restartedMain] .s.d.r.c.RepositoryConfigurationDelegate : Bootstrapping Spring Data JPA repositories in DEFAULT mode.
2026-02-28T15:24:41.217+05:30  INFO 4328 --- [SpringBootRestAPIMyJPA] [restartedMain] .s.d.r.c.RepositoryConfigurationDelegate : Finished Spring Data repository scanning in 44 ms. Found 1 JPA repository interface.
2026-02-28T15:24:41.696+05:30  INFO 4328 --- [SpringBootRestAPIMyJPA] [restartedMain] o.s.boot.tomcat.TomcatWebServer          : Tomcat initialized with port 7799 (http)
2026-02-28T15:24:41.707+05:30  INFO 4328 --- [SpringBootRestAPIMyJPA] [restartedMain] o.apache.catalina.core.StandardService   : Starting service [Tomcat]
2026-02-28T15:24:41.707+05:30  INFO 4328 --- [SpringBootRestAPIMyJPA] [restartedMain] o.apache.catalina.core.StandardEngine    : Starting Servlet engine: [Apache Tomcat/11.0.18]
2026-02-28T15:24:41.762+05:30  INFO 4328 --- [SpringBootRestAPIMyJPA] [restartedMain] b.w.c.s.WebApplicationContextInitializer : Root WebApplicationContext: initialization completed in 1622 ms
2026-02-28T15:24:42.181+05:30  INFO 4328 --- [SpringBootRestAPIMyJPA] [restartedMain] org.hibernate.orm.jpa                    : HHH008540: Processing PersistenceUnitInfo [name: default]
2026-02-28T15:24:42.273+05:30  INFO 4328 --- [SpringBootRestAPIMyJPA] [restartedMain] org.hibernate.orm.core                   : HHH000001: Hibernate ORM core version 7.2.4.Final
2026-02-28T15:24:42.881+05:30  INFO 4328 --- [SpringBootRestAPIMyJPA] [restartedMain] o.s.o.j.p.SpringPersistenceUnitInfo      : No LoadTimeWeaver setup: ignoring JPA class transformer
2026-02-28T15:24:42.917+05:30  INFO 4328 --- [SpringBootRestAPIMyJPA] [restartedMain] com.zaxxer.hikari.HikariDataSource       : HikariPool-1 - Starting...
2026-02-28T15:24:43.395+05:30  INFO 4328 --- [SpringBootRestAPIMyJPA] [restartedMain] com.zaxxer.hikari.pool.HikariPool        : HikariPool-1 - Added connection com.mysql.cj.jdbc.ConnectionImpl@3d941c17
2026-02-28T15:24:43.397+05:30  INFO 4328 --- [SpringBootRestAPIMyJPA] [restartedMain] com.zaxxer.hikari.HikariDataSource       : HikariPool-1 - Start completed.
2026-02-28T15:24:43.591+05:30  INFO 4328 --- [SpringBootRestAPIMyJPA] [restartedMain] org.hibernate.orm.connections.pooling    : HHH10001005: Database info:
	Database JDBC URL [jdbc:mysql://localhost:3306/mlafeb]
	Database driver: MySQL Connector/J
	Database dialect: MySQLDialect
	Database version: 8.0.42
	Default catalog/schema: mlafeb/undefined
	Autocommit mode: undefined/unknown
	Isolation level: REPEATABLE_READ [default REPEATABLE_READ]
	JDBC fetch size: none
	Pool: DataSourceConnectionProvider
	Minimum pool size: undefined/unknown
	Maximum pool size: undefined/unknown
2026-02-28T15:24:44.588+05:30  INFO 4328 --- [SpringBootRestAPIMyJPA] [restartedMain] org.hibernate.orm.core                   : HHH000489: No JTA platform available (set 'hibernate.transaction.jta.platform' to enable JTA platform integration)
2026-02-28T15:24:48.228+05:30  INFO 4328 --- [SpringBootRestAPIMyJPA] [restartedMain] j.LocalContainerEntityManagerFactoryBean : Initialized JPA EntityManagerFactory for persistence unit 'default'
2026-02-28T15:24:48.323+05:30  INFO 4328 --- [SpringBootRestAPIMyJPA] [restartedMain] o.s.d.j.r.query.QueryEnhancerFactories   : Hibernate is in classpath; If applicable, HQL parser will be used.
2026-02-28T15:24:49.171+05:30  WARN 4328 --- [SpringBootRestAPIMyJPA] [restartedMain] JpaBaseConfiguration$JpaWebConfiguration : spring.jpa.open-in-view is enabled by default. Therefore, database queries may be performed during view rendering. Explicitly configure spring.jpa.open-in-view to disable this warning
2026-02-28T15:24:49.833+05:30  INFO 4328 --- [SpringBootRestAPIMyJPA] [restartedMain] o.s.b.a.e.web.EndpointLinksResolver      : Exposing 13 endpoints beneath base path '/actuator'
2026-02-28T15:24:50.008+05:30  INFO 4328 --- [SpringBootRestAPIMyJPA] [restartedMain] o.s.boot.tomcat.TomcatWebServer          : Tomcat started on port 7799 (http) with context path '/'
2026-02-28T15:24:50.015+05:30  INFO 4328 --- [SpringBootRestAPIMyJPA] [restartedMain] .t.SpringBootRestApiMySqljpa2Application : Started SpringBootRestApiMySqljpa2Application in 10.34 seconds (process running for 11.143)
2026-02-28T15:24:50.021+05:30  WARN 4328 --- [SpringBootRestAPIMyJPA] [restartedMain] o.s.core.events.SpringDocAppInitializer  : SpringDoc /v3/api-docs endpoint is enabled by default. To disable it in production, set the property 'springdoc.api-docs.enabled=false'
2026-02-28T15:24:50.021+05:30  WARN 4328 --- [SpringBootRestAPIMyJPA] [restartedMain] o.s.core.events.SpringDocAppInitializer  : SpringDoc /swagger-ui.html endpoint is enabled by default. To disable it in production, set the property 'springdoc.swagger-ui.enabled=false'
2026-02-28T15:24:50.334+05:30  INFO 4328 --- [SpringBootRestAPIMyJPA] [RMI TCP Connection(4)-127.0.0.1] o.a.c.c.C.[Tomcat].[localhost].[/]       : Initializing Spring DispatcherServlet 'dispatcherServlet'
2026-02-28T15:24:50.335+05:30  INFO 4328 --- [SpringBootRestAPIMyJPA] [RMI TCP Connection(4)-127.0.0.1] o.s.web.servlet.DispatcherServlet        : Initializing Servlet 'dispatcherServlet'
2026-02-28T15:24:50.336+05:30  INFO 4328 --- [SpringBootRestAPIMyJPA] [RMI TCP Connection(4)-127.0.0.1] o.s.web.servlet.DispatcherServlet        : Completed initialization in 1 ms
2026-02-28T15:25:10.440+05:30  INFO 4328 --- [SpringBootRestAPIMyJPA] [http-nio-7799-exec-10] o.springdoc.api.AbstractOpenApiResource  : Init duration for springdoc-openapi is: 1074 ms
2026-02-28T15:27:13.347+05:30  WARN 4328 --- [SpringBootRestAPIMyJPA] [http-nio-7799-exec-6] .m.m.a.ExceptionHandlerExceptionResolver : Resolved [org.springframework.orm.ObjectOptimisticLockingFailureException: Row was already updated or deleted by another transaction for entity [com.test.entity.Customer with id '1']]
2026-02-28T15:31:05.441+05:30  WARN 4328 --- [SpringBootRestAPIMyJPA] [http-nio-7799-exec-5] .m.m.a.ExceptionHandlerExceptionResolver : Resolved [org.springframework.dao.InvalidDataAccessResourceUsageException: No argument for named parameter ':city']
2026-02-28T15:33:06.447+05:30  INFO 4328 --- [SpringBootRestAPIMyJPA] [File Watcher] rtingClassPathChangeChangedEventListener : Restarting due to 2 class path changes (0 additions, 0 deletions, 2 modifications)
2026-02-28T15:33:06.525+05:30  INFO 4328 --- [SpringBootRestAPIMyJPA] [Thread-1] o.s.boot.tomcat.GracefulShutdown         : Commencing graceful shutdown. Waiting for active requests to complete
2026-02-28T15:33:06.529+05:30  INFO 4328 --- [SpringBootRestAPIMyJPA] [tomcat-shutdown] o.s.boot.tomcat.GracefulShutdown         : Graceful shutdown complete
2026-02-28T15:33:06.583+05:30  INFO 4328 --- [SpringBootRestAPIMyJPA] [Thread-1] j.LocalContainerEntityManagerFactoryBean : Closing JPA EntityManagerFactory for persistence unit 'default'
2026-02-28T15:33:06.586+05:30  INFO 4328 --- [SpringBootRestAPIMyJPA] [Thread-1] com.zaxxer.hikari.HikariDataSource       : HikariPool-1 - Shutdown initiated...
2026-02-28T15:33:06.609+05:30  INFO 4328 --- [SpringBootRestAPIMyJPA] [Thread-1] com.zaxxer.hikari.HikariDataSource       : HikariPool-1 - Shutdown completed.
2026-02-28T15:33:06.805+05:30  INFO 4328 --- [SpringBootRestAPIMyJPA] [restartedMain] .t.SpringBootRestApiMySqljpa2Application : Starting SpringBootRestApiMySqljpa2Application using Java 25.0.1 with PID 4328 (C:\Users\nethra.k1\Desktop\mla_JAVA\SpringBootRestAPIMySQLJPA2\target\classes started by nethra.k1 in C:\Users\nethra.k1\Desktop\mla_JAVA\SpringBootRestAPIMySQLJPA2)
2026-02-28T15:33:06.805+05:30  INFO 4328 --- [SpringBootRestAPIMyJPA] [restartedMain] .t.SpringBootRestApiMySqljpa2Application : No active profile set, falling back to 1 default profile: "default"
2026-02-28T15:33:07.091+05:30  INFO 4328 --- [SpringBootRestAPIMyJPA] [restartedMain] .s.d.r.c.RepositoryConfigurationDelegate : Bootstrapping Spring Data JPA repositories in DEFAULT mode.
2026-02-28T15:33:07.110+05:30  INFO 4328 --- [SpringBootRestAPIMyJPA] [restartedMain] .s.d.r.c.RepositoryConfigurationDelegate : Finished Spring Data repository scanning in 16 ms. Found 1 JPA repository interface.
2026-02-28T15:33:07.242+05:30  INFO 4328 --- [SpringBootRestAPIMyJPA] [restartedMain] o.s.boot.tomcat.TomcatWebServer          : Tomcat initialized with port 7799 (http)
2026-02-28T15:33:07.243+05:30  INFO 4328 --- [SpringBootRestAPIMyJPA] [restartedMain] o.apache.catalina.core.StandardService   : Starting service [Tomcat]
2026-02-28T15:33:07.244+05:30  INFO 4328 --- [SpringBootRestAPIMyJPA] [restartedMain] o.apache.catalina.core.StandardEngine    : Starting Servlet engine: [Apache Tomcat/11.0.18]
2026-02-28T15:33:07.281+05:30  INFO 4328 --- [SpringBootRestAPIMyJPA] [restartedMain] b.w.c.s.WebApplicationContextInitializer : Root WebApplicationContext: initialization completed in 472 ms
2026-02-28T15:33:07.337+05:30  INFO 4328 --- [SpringBootRestAPIMyJPA] [restartedMain] org.hibernate.orm.jpa                    : HHH008540: Processing PersistenceUnitInfo [name: default]
2026-02-28T15:33:07.384+05:30  INFO 4328 --- [SpringBootRestAPIMyJPA] [restartedMain] o.s.o.j.p.SpringPersistenceUnitInfo      : No LoadTimeWeaver setup: ignoring JPA class transformer
2026-02-28T15:33:07.385+05:30  INFO 4328 --- [SpringBootRestAPIMyJPA] [restartedMain] com.zaxxer.hikari.HikariDataSource       : HikariPool-2 - Starting...
2026-02-28T15:33:07.521+05:30  INFO 4328 --- [SpringBootRestAPIMyJPA] [restartedMain] com.zaxxer.hikari.pool.HikariPool        : HikariPool-2 - Added connection com.mysql.cj.jdbc.ConnectionImpl@79273071
2026-02-28T15:33:07.522+05:30  INFO 4328 --- [SpringBootRestAPIMyJPA] [restartedMain] com.zaxxer.hikari.HikariDataSource       : HikariPool-2 - Start completed.
2026-02-28T15:33:07.523+05:30  INFO 4328 --- [SpringBootRestAPIMyJPA] [restartedMain] org.hibernate.orm.connections.pooling    : HHH10001005: Database info:
	Database JDBC URL [jdbc:mysql://localhost:3306/mlafeb]
	Database driver: MySQL Connector/J
	Database dialect: MySQLDialect
	Database version: 8.0.42
	Default catalog/schema: mlafeb/undefined
	Autocommit mode: undefined/unknown
	Isolation level: REPEATABLE_READ [default REPEATABLE_READ]
	JDBC fetch size: none
	Pool: DataSourceConnectionProvider
	Minimum pool size: undefined/unknown
	Maximum pool size: undefined/unknown
2026-02-28T15:33:07.561+05:30  INFO 4328 --- [SpringBootRestAPIMyJPA] [restartedMain] org.hibernate.orm.core                   : HHH000489: No JTA platform available (set 'hibernate.transaction.jta.platform' to enable JTA platform integration)
2026-02-28T15:33:08.033+05:30  INFO 4328 --- [SpringBootRestAPIMyJPA] [restartedMain] j.LocalContainerEntityManagerFactoryBean : Initialized JPA EntityManagerFactory for persistence unit 'default'
2026-02-28T15:33:08.111+05:30  WARN 4328 --- [SpringBootRestAPIMyJPA] [restartedMain] JpaBaseConfiguration$JpaWebConfiguration : spring.jpa.open-in-view is enabled by default. Therefore, database queries may be performed during view rendering. Explicitly configure spring.jpa.open-in-view to disable this warning
2026-02-28T15:33:08.311+05:30  INFO 4328 --- [SpringBootRestAPIMyJPA] [restartedMain] o.s.b.a.e.web.EndpointLinksResolver      : Exposing 13 endpoints beneath base path '/actuator'
2026-02-28T15:33:08.355+05:30  INFO 4328 --- [SpringBootRestAPIMyJPA] [restartedMain] o.s.boot.tomcat.TomcatWebServer          : Tomcat started on port 7799 (http) with context path '/'
2026-02-28T15:33:08.358+05:30  INFO 4328 --- [SpringBootRestAPIMyJPA] [restartedMain] .t.SpringBootRestApiMySqljpa2Application : Started SpringBootRestApiMySqljpa2Application in 1.582 seconds (process running for 509.492)
2026-02-28T15:33:08.360+05:30  WARN 4328 --- [SpringBootRestAPIMyJPA] [restartedMain] o.s.core.events.SpringDocAppInitializer  : SpringDoc /v3/api-docs endpoint is enabled by default. To disable it in production, set the property 'springdoc.api-docs.enabled=false'
2026-02-28T15:33:08.360+05:30  WARN 4328 --- [SpringBootRestAPIMyJPA] [restartedMain] o.s.core.events.SpringDocAppInitializer  : SpringDoc /swagger-ui.html endpoint is enabled by default. To disable it in production, set the property 'springdoc.swagger-ui.enabled=false'
2026-02-28T15:33:08.362+05:30  INFO 4328 --- [SpringBootRestAPIMyJPA] [restartedMain] .ConditionEvaluationDeltaLoggingListener : Condition evaluation unchanged
2026-02-28T15:33:15.778+05:30  INFO 4328 --- [SpringBootRestAPIMyJPA] [File Watcher] rtingClassPathChangeChangedEventListener : Restarting due to 1 class path change (0 additions, 0 deletions, 1 modification)
2026-02-28T15:33:15.780+05:30  INFO 4328 --- [SpringBootRestAPIMyJPA] [Thread-5] o.s.boot.tomcat.GracefulShutdown         : Commencing graceful shutdown. Waiting for active requests to complete
2026-02-28T15:33:15.782+05:30  INFO 4328 --- [SpringBootRestAPIMyJPA] [tomcat-shutdown] o.s.boot.tomcat.GracefulShutdown         : Graceful shutdown complete
2026-02-28T15:33:15.785+05:30  INFO 4328 --- [SpringBootRestAPIMyJPA] [Thread-5] j.LocalContainerEntityManagerFactoryBean : Closing JPA EntityManagerFactory for persistence unit 'default'
2026-02-28T15:33:15.786+05:30  INFO 4328 --- [SpringBootRestAPIMyJPA] [Thread-5] com.zaxxer.hikari.HikariDataSource       : HikariPool-2 - Shutdown initiated...
2026-02-28T15:33:15.788+05:30  INFO 4328 --- [SpringBootRestAPIMyJPA] [Thread-5] com.zaxxer.hikari.HikariDataSource       : HikariPool-2 - Shutdown completed.
2026-02-28T15:33:15.873+05:30  INFO 4328 --- [SpringBootRestAPIMyJPA] [restartedMain] .t.SpringBootRestApiMySqljpa2Application : Starting SpringBootRestApiMySqljpa2Application using Java 25.0.1 with PID 4328 (C:\Users\nethra.k1\Desktop\mla_JAVA\SpringBootRestAPIMySQLJPA2\target\classes started by nethra.k1 in C:\Users\nethra.k1\Desktop\mla_JAVA\SpringBootRestAPIMySQLJPA2)
2026-02-28T15:33:15.874+05:30  INFO 4328 --- [SpringBootRestAPIMyJPA] [restartedMain] .t.SpringBootRestApiMySqljpa2Application : No active profile set, falling back to 1 default profile: "default"
2026-02-28T15:33:16.173+05:30  INFO 4328 --- [SpringBootRestAPIMyJPA] [restartedMain] .s.d.r.c.RepositoryConfigurationDelegate : Bootstrapping Spring Data JPA repositories in DEFAULT mode.
2026-02-28T15:33:16.187+05:30  INFO 4328 --- [SpringBootRestAPIMyJPA] [restartedMain] .s.d.r.c.RepositoryConfigurationDelegate : Finished Spring Data repository scanning in 12 ms. Found 1 JPA repository interface.
2026-02-28T15:33:16.280+05:30  INFO 4328 --- [SpringBootRestAPIMyJPA] [restartedMain] o.s.boot.tomcat.TomcatWebServer          : Tomcat initialized with port 7799 (http)
2026-02-28T15:33:16.281+05:30  INFO 4328 --- [SpringBootRestAPIMyJPA] [restartedMain] o.apache.catalina.core.StandardService   : Starting service [Tomcat]
2026-02-28T15:33:16.281+05:30  INFO 4328 --- [SpringBootRestAPIMyJPA] [restartedMain] o.apache.catalina.core.StandardEngine    : Starting Servlet engine: [Apache Tomcat/11.0.18]
2026-02-28T15:33:16.320+05:30  INFO 4328 --- [SpringBootRestAPIMyJPA] [restartedMain] b.w.c.s.WebApplicationContextInitializer : Root WebApplicationContext: initialization completed in 445 ms
2026-02-28T15:33:16.366+05:30  INFO 4328 --- [SpringBootRestAPIMyJPA] [restartedMain] org.hibernate.orm.jpa                    : HHH008540: Processing PersistenceUnitInfo [name: default]
2026-02-28T15:33:16.394+05:30  INFO 4328 --- [SpringBootRestAPIMyJPA] [restartedMain] o.s.o.j.p.SpringPersistenceUnitInfo      : No LoadTimeWeaver setup: ignoring JPA class transformer
2026-02-28T15:33:16.395+05:30  INFO 4328 --- [SpringBootRestAPIMyJPA] [restartedMain] com.zaxxer.hikari.HikariDataSource       : HikariPool-3 - Starting...
2026-02-28T15:33:16.458+05:30  INFO 4328 --- [SpringBootRestAPIMyJPA] [restartedMain] com.zaxxer.hikari.pool.HikariPool        : HikariPool-3 - Added connection com.mysql.cj.jdbc.ConnectionImpl@17d71568
2026-02-28T15:33:16.459+05:30  INFO 4328 --- [SpringBootRestAPIMyJPA] [restartedMain] com.zaxxer.hikari.HikariDataSource       : HikariPool-3 - Start completed.
2026-02-28T15:33:16.472+05:30  INFO 4328 --- [SpringBootRestAPIMyJPA] [restartedMain] org.hibernate.orm.connections.pooling    : HHH10001005: Database info:
	Database JDBC URL [jdbc:mysql://localhost:3306/mlafeb]
	Database driver: MySQL Connector/J
	Database dialect: MySQLDialect
	Database version: 8.0.42
	Default catalog/schema: mlafeb/undefined
	Autocommit mode: undefined/unknown
	Isolation level: REPEATABLE_READ [default REPEATABLE_READ]
	JDBC fetch size: none
	Pool: DataSourceConnectionProvider
	Minimum pool size: undefined/unknown
	Maximum pool size: undefined/unknown
2026-02-28T15:33:16.503+05:30  INFO 4328 --- [SpringBootRestAPIMyJPA] [restartedMain] org.hibernate.orm.core                   : HHH000489: No JTA platform available (set 'hibernate.transaction.jta.platform' to enable JTA platform integration)
2026-02-28T15:33:16.683+05:30  INFO 4328 --- [SpringBootRestAPIMyJPA] [restartedMain] j.LocalContainerEntityManagerFactoryBean : Initialized JPA EntityManagerFactory for persistence unit 'default'
2026-02-28T15:33:16.754+05:30  WARN 4328 --- [SpringBootRestAPIMyJPA] [restartedMain] JpaBaseConfiguration$JpaWebConfiguration : spring.jpa.open-in-view is enabled by default. Therefore, database queries may be performed during view rendering. Explicitly configure spring.jpa.open-in-view to disable this warning
2026-02-28T15:33:16.888+05:30  INFO 4328 --- [SpringBootRestAPIMyJPA] [restartedMain] o.s.b.a.e.web.EndpointLinksResolver      : Exposing 13 endpoints beneath base path '/actuator'
2026-02-28T15:33:16.912+05:30  INFO 4328 --- [SpringBootRestAPIMyJPA] [restartedMain] o.s.boot.tomcat.TomcatWebServer          : Tomcat started on port 7799 (http) with context path '/'
2026-02-28T15:33:16.915+05:30  INFO 4328 --- [SpringBootRestAPIMyJPA] [restartedMain] .t.SpringBootRestApiMySqljpa2Application : Started SpringBootRestApiMySqljpa2Application in 1.066 seconds (process running for 518.048)
2026-02-28T15:33:16.916+05:30  WARN 4328 --- [SpringBootRestAPIMyJPA] [restartedMain] o.s.core.events.SpringDocAppInitializer  : SpringDoc /v3/api-docs endpoint is enabled by default. To disable it in production, set the property 'springdoc.api-docs.enabled=false'
2026-02-28T15:33:16.916+05:30  WARN 4328 --- [SpringBootRestAPIMyJPA] [restartedMain] o.s.core.events.SpringDocAppInitializer  : SpringDoc /swagger-ui.html endpoint is enabled by default. To disable it in production, set the property 'springdoc.swagger-ui.enabled=false'
2026-02-28T15:33:16.917+05:30  INFO 4328 --- [SpringBootRestAPIMyJPA] [restartedMain] .ConditionEvaluationDeltaLoggingListener : Condition evaluation unchanged
2026-02-28T15:33:19.316+05:30  INFO 4328 --- [SpringBootRestAPIMyJPA] [File Watcher] rtingClassPathChangeChangedEventListener : Restarting due to 1 class path change (0 additions, 0 deletions, 1 modification)
2026-02-28T15:33:19.318+05:30  INFO 4328 --- [SpringBootRestAPIMyJPA] [Thread-9] o.s.boot.tomcat.GracefulShutdown         : Commencing graceful shutdown. Waiting for active requests to complete
2026-02-28T15:33:19.321+05:30  INFO 4328 --- [SpringBootRestAPIMyJPA] [tomcat-shutdown] o.s.boot.tomcat.GracefulShutdown         : Graceful shutdown complete
2026-02-28T15:33:19.325+05:30  INFO 4328 --- [SpringBootRestAPIMyJPA] [Thread-9] j.LocalContainerEntityManagerFactoryBean : Closing JPA EntityManagerFactory for persistence unit 'default'
2026-02-28T15:33:19.326+05:30  INFO 4328 --- [SpringBootRestAPIMyJPA] [Thread-9] com.zaxxer.hikari.HikariDataSource       : HikariPool-3 - Shutdown initiated...
2026-02-28T15:33:19.331+05:30  INFO 4328 --- [SpringBootRestAPIMyJPA] [Thread-9] com.zaxxer.hikari.HikariDataSource       : HikariPool-3 - Shutdown completed.
2026-02-28T15:33:19.415+05:30  INFO 4328 --- [SpringBootRestAPIMyJPA] [restartedMain] .t.SpringBootRestApiMySqljpa2Application : Starting SpringBootRestApiMySqljpa2Application using Java 25.0.1 with PID 4328 (C:\Users\nethra.k1\Desktop\mla_JAVA\SpringBootRestAPIMySQLJPA2\target\classes started by nethra.k1 in C:\Users\nethra.k1\Desktop\mla_JAVA\SpringBootRestAPIMySQLJPA2)
2026-02-28T15:33:19.416+05:30  INFO 4328 --- [SpringBootRestAPIMyJPA] [restartedMain] .t.SpringBootRestApiMySqljpa2Application : No active profile set, falling back to 1 default profile: "default"
2026-02-28T15:33:19.654+05:30  INFO 4328 --- [SpringBootRestAPIMyJPA] [restartedMain] .s.d.r.c.RepositoryConfigurationDelegate : Bootstrapping Spring Data JPA repositories in DEFAULT mode.
2026-02-28T15:33:19.668+05:30  INFO 4328 --- [SpringBootRestAPIMyJPA] [restartedMain] .s.d.r.c.RepositoryConfigurationDelegate : Finished Spring Data repository scanning in 11 ms. Found 1 JPA repository interface.
2026-02-28T15:33:19.772+05:30  INFO 4328 --- [SpringBootRestAPIMyJPA] [restartedMain] o.s.boot.tomcat.TomcatWebServer          : Tomcat initialized with port 7799 (http)
2026-02-28T15:33:19.780+05:30  INFO 4328 --- [SpringBootRestAPIMyJPA] [restartedMain] o.apache.catalina.core.StandardService   : Starting service [Tomcat]
2026-02-28T15:33:19.781+05:30  INFO 4328 --- [SpringBootRestAPIMyJPA] [restartedMain] o.apache.catalina.core.StandardEngine    : Starting Servlet engine: [Apache Tomcat/11.0.18]
2026-02-28T15:33:19.816+05:30  INFO 4328 --- [SpringBootRestAPIMyJPA] [restartedMain] b.w.c.s.WebApplicationContextInitializer : Root WebApplicationContext: initialization completed in 398 ms
2026-02-28T15:33:19.868+05:30  INFO 4328 --- [SpringBootRestAPIMyJPA] [restartedMain] org.hibernate.orm.jpa                    : HHH008540: Processing PersistenceUnitInfo [name: default]
2026-02-28T15:33:19.897+05:30  INFO 4328 --- [SpringBootRestAPIMyJPA] [restartedMain] o.s.o.j.p.SpringPersistenceUnitInfo      : No LoadTimeWeaver setup: ignoring JPA class transformer
2026-02-28T15:33:19.898+05:30  INFO 4328 --- [SpringBootRestAPIMyJPA] [restartedMain] com.zaxxer.hikari.HikariDataSource       : HikariPool-4 - Starting...
2026-02-28T15:33:19.942+05:30  INFO 4328 --- [SpringBootRestAPIMyJPA] [restartedMain] com.zaxxer.hikari.pool.HikariPool        : HikariPool-4 - Added connection com.mysql.cj.jdbc.ConnectionImpl@736936e0
2026-02-28T15:33:19.943+05:30  INFO 4328 --- [SpringBootRestAPIMyJPA] [restartedMain] com.zaxxer.hikari.HikariDataSource       : HikariPool-4 - Start completed.
2026-02-28T15:33:19.944+05:30  INFO 4328 --- [SpringBootRestAPIMyJPA] [restartedMain] org.hibernate.orm.connections.pooling    : HHH10001005: Database info:
	Database JDBC URL [jdbc:mysql://localhost:3306/mlafeb]
	Database driver: MySQL Connector/J
	Database dialect: MySQLDialect
	Database version: 8.0.42
	Default catalog/schema: mlafeb/undefined
	Autocommit mode: undefined/unknown
	Isolation level: REPEATABLE_READ [default REPEATABLE_READ]
	JDBC fetch size: none
	Pool: DataSourceConnectionProvider
	Minimum pool size: undefined/unknown
	Maximum pool size: undefined/unknown
2026-02-28T15:33:19.974+05:30  INFO 4328 --- [SpringBootRestAPIMyJPA] [restartedMain] org.hibernate.orm.core                   : HHH000489: No JTA platform available (set 'hibernate.transaction.jta.platform' to enable JTA platform integration)
2026-02-28T15:33:20.041+05:30  INFO 4328 --- [SpringBootRestAPIMyJPA] [restartedMain] j.LocalContainerEntityManagerFactoryBean : Initialized JPA EntityManagerFactory for persistence unit 'default'
2026-02-28T15:33:20.118+05:30  WARN 4328 --- [SpringBootRestAPIMyJPA] [restartedMain] JpaBaseConfiguration$JpaWebConfiguration : spring.jpa.open-in-view is enabled by default. Therefore, database queries may be performed during view rendering. Explicitly configure spring.jpa.open-in-view to disable this warning
2026-02-28T15:33:20.250+05:30  INFO 4328 --- [SpringBootRestAPIMyJPA] [restartedMain] o.s.b.a.e.web.EndpointLinksResolver      : Exposing 13 endpoints beneath base path '/actuator'
2026-02-28T15:33:20.273+05:30  INFO 4328 --- [SpringBootRestAPIMyJPA] [restartedMain] o.s.boot.tomcat.TomcatWebServer          : Tomcat started on port 7799 (http) with context path '/'
2026-02-28T15:33:20.276+05:30  INFO 4328 --- [SpringBootRestAPIMyJPA] [restartedMain] .t.SpringBootRestApiMySqljpa2Application : Started SpringBootRestApiMySqljpa2Application in 0.889 seconds (process running for 521.409)
2026-02-28T15:33:20.277+05:30  WARN 4328 --- [SpringBootRestAPIMyJPA] [restartedMain] o.s.core.events.SpringDocAppInitializer  : SpringDoc /v3/api-docs endpoint is enabled by default. To disable it in production, set the property 'springdoc.api-docs.enabled=false'
2026-02-28T15:33:20.278+05:30  WARN 4328 --- [SpringBootRestAPIMyJPA] [restartedMain] o.s.core.events.SpringDocAppInitializer  : SpringDoc /swagger-ui.html endpoint is enabled by default. To disable it in production, set the property 'springdoc.swagger-ui.enabled=false'
2026-02-28T15:33:20.279+05:30  INFO 4328 --- [SpringBootRestAPIMyJPA] [restartedMain] .ConditionEvaluationDeltaLoggingListener : Condition evaluation unchanged
2026-02-28T15:33:25.948+05:30  INFO 4328 --- [SpringBootRestAPIMyJPA] [RMI TCP Connection(14)-127.0.0.1] inMXBeanRegistrar$SpringApplicationAdmin : Application shutdown requested.
2026-02-28T15:33:25.950+05:30  INFO 4328 --- [SpringBootRestAPIMyJPA] [RMI TCP Connection(14)-127.0.0.1] o.s.boot.tomcat.GracefulShutdown         : Commencing graceful shutdown. Waiting for active requests to complete
2026-02-28T15:33:25.952+05:30  INFO 4328 --- [SpringBootRestAPIMyJPA] [tomcat-shutdown] o.s.boot.tomcat.GracefulShutdown         : Graceful shutdown complete
2026-02-28T15:33:25.955+05:30  INFO 4328 --- [SpringBootRestAPIMyJPA] [RMI TCP Connection(14)-127.0.0.1] j.LocalContainerEntityManagerFactoryBean : Closing JPA EntityManagerFactory for persistence unit 'default'
2026-02-28T15:33:25.955+05:30  INFO 4328 --- [SpringBootRestAPIMyJPA] [RMI TCP Connection(14)-127.0.0.1] com.zaxxer.hikari.HikariDataSource       : HikariPool-4 - Shutdown initiated...
2026-02-28T15:33:25.958+05:30  INFO 4328 --- [SpringBootRestAPIMyJPA] [RMI TCP Connection(14)-127.0.0.1] com.zaxxer.hikari.HikariDataSource       : HikariPool-4 - Shutdown completed.
